FoodOrderApp/app/build/intermediates/manifest_merge_blame_file/debug/manifest-merger-blame-debug-report.txt
1<?xml version="1.0" encoding="utf-8"?>
2<manifest xmlns:android="http://schemas.android.com/apk/res/android"
3    package="com.android.foodorderapp"
4    android:versionCode="1"
5    android:versionName="1.0" >
6
7    <uses-sdk
8        android:minSdkVersion="24"
8-->src/main/AndroidManifest.xml
9        android:targetSdkVersion="29" />
9-->src/main/AndroidManifest.xml
10
11    <application
11-->src/main/AndroidManifest.xml:5:5-23:19
12        android:allowBackup="true"
12-->src/main/AndroidManifest.xml:6:9-35
13        android:appComponentFactory="androidx.core.app.CoreComponentFactory"
13-->[androidx.core:core:1.3.1] AndroidManifest.xml:24:18-86
14        android:debuggable="true"
15        android:extractNativeLibs="false"
16        android:icon="@mipmap/ic_launcher"
16-->src/main/AndroidManifest.xml:7:9-43
17        android:label="@string/app_name"
17-->src/main/AndroidManifest.xml:8:9-41
18        android:roundIcon="@mipmap/ic_launcher_round"
18-->src/main/AndroidManifest.xml:9:9-54
19        android:supportsRtl="true"
19-->src/main/AndroidManifest.xml:10:9-35
20        android:testOnly="true"
21        android:theme="@style/Theme.FoodOrderApp" >
21-->src/main/AndroidManifest.xml:11:9-50
22        <activity android:name="com.android.foodorderapp.OrderSucceessActivity" />
22-->src/main/AndroidManifest.xml:12:9-68
22-->src/main/AndroidManifest.xml:12:19-56
23        <activity android:name="com.android.foodorderapp.PlaceYourOrderActivity" />
23-->src/main/AndroidManifest.xml:13:9-60
23-->src/main/AndroidManifest.xml:13:19-57
24        <activity android:name="com.android.foodorderapp.RestaurantMenuActivity" />
24-->src/main/AndroidManifest.xml:14:9-60
24-->src/main/AndroidManifest.xml:14:19-57
25        <activity android:name="com.android.foodorderapp.SplashActivity" >
25-->src/main/AndroidManifest.xml:15:9-21:20
25-->src/main/AndroidManifest.xml:15:19-49
26            <intent-filter>
26-->src/main/AndroidManifest.xml:16:13-20:29
27                <action android:name="android.intent.action.MAIN" />
27-->src/main/AndroidManifest.xml:17:17-69
27-->src/main/AndroidManifest.xml:17:25-66
28
29                <category android:name="android.intent.category.LAUNCHER" />
29-->src/main/AndroidManifest.xml:19:17-77
29-->src/main/AndroidManifest.xml:19:27-74
30            </intent-filter>
31        </activity>
32        <activity android:name="com.android.foodorderapp.MainActivity" />
32-->src/main/AndroidManifest.xml:22:9-50
32-->src/main/AndroidManifest.xml:22:19-47
33    </application>
34
35</manifest>